<?xml version="1.0" encoding="UTF-8" ?>
<testsuite tests="1" failures="0" name="com.yxm.security.web.controller.UserControllerTest" time="0.17" errors="1" skipped="0">
  <properties>
[...]
</properties>
  <testcase classname="com.yxm.security.web.controller.UserControllerTest" name="whenQuerySuccess" time="0.17">
    <error type="java.lang.NullPointerException">java.lang.NullPointerException
	at com.yxm.security.web.controller.UserControllerTest.whenQuerySuccess(UserControllerTest.java:45)
	at sun.reflect.NativeMethodAccessorImpl.invoke0(Native Method)
	at sun.reflect.NativeMethodAccessorImpl.invoke(NativeMethodAccessorImpl.java:62)
	at sun.reflect.DelegatingMethodAccessorImpl.invoke(DelegatingMethodAccessorImpl.java:43)
	at java.lang.reflect.Method.invoke(Method.java:498)
	at org.junit.runners.model.FrameworkMethod$1.runReflectiveCall(FrameworkMethod.java:50)
	at org.junit.internal.runners.model.ReflectiveCallable.run(ReflectiveCallable.java:12)
	at org.junit.runners.model.FrameworkMethod.invokeExplosively(FrameworkMethod.java:47)
	at org.junit.internal.runners.statements.InvokeMethod.evaluate(InvokeMethod.java:17)
	at org.junit.internal.runners.statements.RunBefores.evaluate(RunBefores.java:26)
	at org.springframework.test.context.junit4.statements.RunBeforeTestMethodCallbacks.evaluate(RunBeforeTestMethodCallbacks.java:75)
	at org.springframework.test.context.junit4.statements.RunAfterTestMethodCallbacks.evaluate(RunAfterTestMethodCallbacks.java:86)
	at org.springframework.test.context.junit4.statements.SpringRepeat.evaluate(SpringRepeat.java:84)
	at org.junit.runners.ParentRunner.runLeaf(ParentRunner.java:325)
	at org.springframework.test.context.junit4.SpringJUnit4ClassRunner.runChild(SpringJUnit4ClassRunner.java:252)
	at org.springframework.test.context.junit4.SpringJUnit4ClassRunner.runChild(SpringJUnit4ClassRunner.java:94)
	at org.junit.runners.ParentRunner$3.run(ParentRunner.java:290)
	at org.junit.runners.ParentRunner$1.schedule(ParentRunner.java:71)
	at org.junit.runners.ParentRunner.runChildren(ParentRunner.java:288)
	at org.junit.runners.ParentRunner.access$000(ParentRunner.java:58)
	at org.junit.runners.ParentRunner$2.evaluate(ParentRunner.java:268)
	at org.springframework.test.context.junit4.statements.RunBeforeTestClassCallbacks.evaluate(RunBeforeTestClassCallbacks.java:61)
	at org.springframework.test.context.junit4.statements.RunAfterTestClassCallbacks.evaluate(RunAfterTestClassCallbacks.java:70)
	at org.junit.runners.ParentRunner.run(ParentRunner.java:363)
	at org.springframework.test.context.junit4.SpringJUnit4ClassRunner.run(SpringJUnit4ClassRunner.java:191)
	at org.apache.maven.surefire.junit4.JUnit4Provider.execute(JUnit4Provider.java:252)
	at org.apache.maven.surefire.junit4.JUnit4Provider.executeTestSet(JUnit4Provider.java:141)
	at org.apache.maven.surefire.junit4.JUnit4Provider.invoke(JUnit4Provider.java:112)
	at sun.reflect.NativeMethodAccessorImpl.invoke0(Native Method)
	at sun.reflect.NativeMethodAccessorImpl.invoke(NativeMethodAccessorImpl.java:62)
	at sun.reflect.DelegatingMethodAccessorImpl.invoke(DelegatingMethodAccessorImpl.java:43)
	at java.lang.reflect.Method.invoke(Method.java:498)
	at org.apache.maven.surefire.util.ReflectionUtils.invokeMethodWithArray(ReflectionUtils.java:189)
	at org.apache.maven.surefire.booter.ProviderFactory$ProviderProxy.invoke(ProviderFactory.java:165)
	at org.apache.maven.surefire.booter.ProviderFactory.invokeProvider(ProviderFactory.java:85)
	at org.apache.maven.surefire.booter.ForkedBooter.runSuitesInProcess(ForkedBooter.java:115)
	at org.apache.maven.surefire.booter.ForkedBooter.main(ForkedBooter.java:75)
</error>
    <system-out>08:02:23.125 [main] DEBUG org.springframework.test.context.junit4.SpringJUnit4ClassRunner - SpringJUnit4ClassRunner constructor called with [class com.yxm.security.web.controller.UserControllerTest]
08:02:23.143 [main] DEBUG org.springframework.test.context.BootstrapUtils - Instantiating CacheAwareContextLoaderDelegate from class [org.springframework.test.context.cache.DefaultCacheAwareContextLoaderDelegate]
08:02:23.176 [main] DEBUG org.springframework.test.context.BootstrapUtils - Instantiating BootstrapContext using constructor [public org.springframework.test.context.support.DefaultBootstrapContext(java.lang.Class,org.springframework.test.context.CacheAwareContextLoaderDelegate)]
08:02:23.235 [main] DEBUG org.springframework.test.context.BootstrapUtils - Instantiating TestContextBootstrapper for test class [com.yxm.security.web.controller.UserControllerTest] from class [org.springframework.boot.test.context.SpringBootTestContextBootstrapper]
08:02:23.275 [main] INFO org.springframework.boot.test.context.SpringBootTestContextBootstrapper - Neither @ContextConfiguration nor @ContextHierarchy found for test class [com.yxm.security.web.controller.UserControllerTest], using SpringBootContextLoader
08:02:23.287 [main] DEBUG org.springframework.test.context.support.AbstractContextLoader - Did not detect default resource location for test class [com.yxm.security.web.controller.UserControllerTest]: class path resource [com/yxm/security/web/controller/UserControllerTest-context.xml] does not exist
08:02:23.289 [main] DEBUG org.springframework.test.context.support.AbstractContextLoader - Did not detect default resource location for test class [com.yxm.security.web.controller.UserControllerTest]: class path resource [com/yxm/security/web/controller/UserControllerTestContext.groovy] does not exist
08:02:23.289 [main] INFO org.springframework.test.context.support.AbstractContextLoader - Could not detect default resource locations for test class [com.yxm.security.web.controller.UserControllerTest]: no resource found for suffixes {-context.xml, Context.groovy}.
08:02:23.292 [main] INFO org.springframework.test.context.support.AnnotationConfigContextLoaderUtils - Could not detect default configuration classes for test class [com.yxm.security.web.controller.UserControllerTest]: UserControllerTest does not declare any static, non-private, non-final, nested classes annotated with @Configuration.
08:02:23.430 [main] DEBUG org.springframework.test.context.support.ActiveProfilesUtils - Could not find an &apos;annotation declaring class&apos; for annotation type [org.springframework.test.context.ActiveProfiles] and class [com.yxm.security.web.controller.UserControllerTest]
08:02:23.472 [main] DEBUG org.springframework.core.env.StandardEnvironment - Adding [systemProperties] PropertySource with lowest search precedence
08:02:23.473 [main] DEBUG org.springframework.core.env.StandardEnvironment - Adding [systemEnvironment] PropertySource with lowest search precedence
08:02:23.473 [main] DEBUG org.springframework.core.env.StandardEnvironment - Initialized StandardEnvironment with PropertySources [systemProperties,systemEnvironment]
08:02:23.534 [main] DEBUG org.springframework.core.io.support.PathMatchingResourcePatternResolver - Resolved classpath location [com/yxm/security/web/controller/] to resources [URL [file:/F:/std/spring-security/spring-security-demo/target/test-classes/com/yxm/security/web/controller/], URL [file:/F:/std/spring-security/spring-security-demo/target/classes/com/yxm/security/web/controller/]]
08:02:23.540 [main] DEBUG org.springframework.core.io.support.PathMatchingResourcePatternResolver - Looking for matching resources in directory tree [F:\std\spring-security\spring-security-demo\target\test-classes\com\yxm\security\web\controller]
08:02:23.541 [main] DEBUG org.springframework.core.io.support.PathMatchingResourcePatternResolver - Searching directory [F:\std\spring-security\spring-security-demo\target\test-classes\com\yxm\security\web\controller] for files matching pattern [F:/std/spring-security/spring-security-demo/target/test-classes/com/yxm/security/web/controller/*.class]
08:02:23.557 [main] DEBUG org.springframework.core.io.support.PathMatchingResourcePatternResolver - Looking for matching resources in directory tree [F:\std\spring-security\spring-security-demo\target\classes\com\yxm\security\web\controller]
08:02:23.558 [main] DEBUG org.springframework.core.io.support.PathMatchingResourcePatternResolver - Searching directory [F:\std\spring-security\spring-security-demo\target\classes\com\yxm\security\web\controller] for files matching pattern [F:/std/spring-security/spring-security-demo/target/classes/com/yxm/security/web/controller/*.class]
08:02:23.559 [main] DEBUG org.springframework.core.io.support.PathMatchingResourcePatternResolver - Resolved location pattern [classpath*:com/yxm/security/web/controller/*.class] to resources [file [F:\std\spring-security\spring-security-demo\target\test-classes\com\yxm\security\web\controller\UserControllerTest.class], file [F:\std\spring-security\spring-security-demo\target\classes\com\yxm\security\web\controller\UserController.class]]
08:02:23.652 [main] DEBUG org.springframework.core.io.support.PathMatchingResourcePatternResolver - Resolved classpath location [com/yxm/security/web/] to resources [URL [file:/F:/std/spring-security/spring-security-demo/target/test-classes/com/yxm/security/web/], URL [file:/F:/std/spring-security/spring-security-demo/target/classes/com/yxm/security/web/]]
08:02:23.653 [main] DEBUG org.springframework.core.io.support.PathMatchingResourcePatternResolver - Looking for matching resources in directory tree [F:\std\spring-security\spring-security-demo\target\test-classes\com\yxm\security\web]
08:02:23.653 [main] DEBUG org.springframework.core.io.support.PathMatchingResourcePatternResolver - Searching directory [F:\std\spring-security\spring-security-demo\target\test-classes\com\yxm\security\web] for files matching pattern [F:/std/spring-security/spring-security-demo/target/test-classes/com/yxm/security/web/*.class]
08:02:23.654 [main] DEBUG org.springframework.core.io.support.PathMatchingResourcePatternResolver - Looking for matching resources in directory tree [F:\std\spring-security\spring-security-demo\target\classes\com\yxm\security\web]
08:02:23.655 [main] DEBUG org.springframework.core.io.support.PathMatchingResourcePatternResolver - Searching directory [F:\std\spring-security\spring-security-demo\target\classes\com\yxm\security\web] for files matching pattern [F:/std/spring-security/spring-security-demo/target/classes/com/yxm/security/web/*.class]
08:02:23.656 [main] DEBUG org.springframework.core.io.support.PathMatchingResourcePatternResolver - Resolved location pattern [classpath*:com/yxm/security/web/*.class] to resources []
08:02:23.658 [main] DEBUG org.springframework.core.io.support.PathMatchingResourcePatternResolver - Resolved classpath location [com/yxm/security/] to resources [URL [file:/F:/std/spring-security/spring-security-demo/target/test-classes/com/yxm/security/], URL [file:/F:/std/spring-security/spring-security-demo/target/classes/com/yxm/security/]]
08:02:23.658 [main] DEBUG org.springframework.core.io.support.PathMatchingResourcePatternResolver - Looking for matching resources in directory tree [F:\std\spring-security\spring-security-demo\target\test-classes\com\yxm\security]
08:02:23.658 [main] DEBUG org.springframework.core.io.support.PathMatchingResourcePatternResolver - Searching directory [F:\std\spring-security\spring-security-demo\target\test-classes\com\yxm\security] for files matching pattern [F:/std/spring-security/spring-security-demo/target/test-classes/com/yxm/security/*.class]
08:02:23.659 [main] DEBUG org.springframework.core.io.support.PathMatchingResourcePatternResolver - Looking for matching resources in directory tree [F:\std\spring-security\spring-security-demo\target\classes\com\yxm\security]
08:02:23.660 [main] DEBUG org.springframework.core.io.support.PathMatchingResourcePatternResolver - Searching directory [F:\std\spring-security\spring-security-demo\target\classes\com\yxm\security] for files matching pattern [F:/std/spring-security/spring-security-demo/target/classes/com/yxm/security/*.class]
08:02:23.662 [main] DEBUG org.springframework.core.io.support.PathMatchingResourcePatternResolver - Resolved location pattern [classpath*:com/yxm/security/*.class] to resources [file [F:\std\spring-security\spring-security-demo\target\classes\com\yxm\security\DemoApplication.class]]
08:02:23.745 [main] DEBUG org.springframework.context.annotation.ClassPathScanningCandidateComponentProvider - Identified candidate component class: file [F:\std\spring-security\spring-security-demo\target\classes\com\yxm\security\DemoApplication.class]
08:02:23.749 [main] INFO org.springframework.boot.test.context.SpringBootTestContextBootstrapper - Found @SpringBootConfiguration com.yxm.security.DemoApplication for test class com.yxm.security.web.controller.UserControllerTest
08:02:23.760 [main] DEBUG org.springframework.boot.test.context.SpringBootTestContextBootstrapper - @TestExecutionListeners is not present for class [com.yxm.security.web.controller.UserControllerTest]: using defaults.
08:02:23.771 [main] INFO org.springframework.boot.test.context.SpringBootTestContextBootstrapper - Loaded default TestExecutionListener class names from location [META-INF/spring.factories]: [org.springframework.boot.test.mock.mockito.MockitoTestExecutionListener, org.springframework.boot.test.mock.mockito.ResetMocksTestExecutionListener, org.springframework.boot.test.autoconfigure.restdocs.RestDocsTestExecutionListener, org.springframework.boot.test.autoconfigure.web.client.MockRestServiceServerResetTestExecutionListener, org.springframework.boot.test.autoconfigure.web.servlet.MockMvcPrintOnlyOnFailureTestExecutionListener, org.springframework.boot.test.autoconfigure.web.servlet.WebDriverTestExecutionListener, org.springframework.test.context.web.ServletTestExecutionListener, org.springframework.test.context.support.DirtiesContextBeforeModesTestExecutionListener, org.springframework.test.context.support.DependencyInjectionTestExecutionListener, org.springframework.test.context.support.DirtiesContextTestExecutionListener, org.springframework.test.context.transaction.TransactionalTestExecutionListener, org.springframework.test.context.jdbc.SqlScriptsTestExecutionListener]
08:02:23.828 [main] INFO org.springframework.boot.test.context.SpringBootTestContextBootstrapper - Using TestExecutionListeners: [org.springframework.test.context.web.ServletTestExecutionListener@4d49af10, org.springframework.test.context.support.DirtiesContextBeforeModesTestExecutionListener@279ad2e3, org.springframework.boot.test.autoconfigure.SpringBootDependencyInjectionTestExecutionListener@58134517, org.springframework.test.context.support.DirtiesContextTestExecutionListener@4450d156, org.springframework.test.context.transaction.TransactionalTestExecutionListener@4461c7e3, org.springframework.test.context.jdbc.SqlScriptsTestExecutionListener@351d0846, org.springframework.boot.test.mock.mockito.MockitoTestExecutionListener@77e4c80f, org.springframework.boot.test.autoconfigure.web.servlet.WebDriverTestExecutionListener@35fc6dc4, org.springframework.boot.test.mock.mockito.ResetMocksTestExecutionListener@7fe8ea47, org.springframework.boot.test.autoconfigure.restdocs.RestDocsTestExecutionListener@226a82c4, org.springframework.boot.test.autoconfigure.web.servlet.MockMvcPrintOnlyOnFailureTestExecutionListener@731f8236, org.springframework.boot.test.autoconfigure.web.client.MockRestServiceServerResetTestExecutionListener@255b53dc]
08:02:23.832 [main] DEBUG org.springframework.test.annotation.ProfileValueUtils - Retrieved @ProfileValueSourceConfiguration [null] for test class [com.yxm.security.web.controller.UserControllerTest]
08:02:23.833 [main] DEBUG org.springframework.test.annotation.ProfileValueUtils - Retrieved ProfileValueSource type [class org.springframework.test.annotation.SystemProfileValueSource] for class [com.yxm.security.web.controller.UserControllerTest]
08:02:23.835 [main] DEBUG org.springframework.test.annotation.ProfileValueUtils - Retrieved @ProfileValueSourceConfiguration [null] for test class [com.yxm.security.web.controller.UserControllerTest]
08:02:23.836 [main] DEBUG org.springframework.test.annotation.ProfileValueUtils - Retrieved ProfileValueSource type [class org.springframework.test.annotation.SystemProfileValueSource] for class [com.yxm.security.web.controller.UserControllerTest]
08:02:23.867 [main] DEBUG org.springframework.test.context.support.AbstractDirtiesContextTestExecutionListener - Before test class: context [DefaultTestContext@6328d34a testClass = UserControllerTest, testInstance = [null], testMethod = [null], testException = [null], mergedContextConfiguration = [WebMergedContextConfiguration@145eaa29 testClass = UserControllerTest, locations = &apos;{}&apos;, classes = &apos;{class com.yxm.security.DemoApplication}&apos;, contextInitializerClasses = &apos;[]&apos;, activeProfiles = &apos;{}&apos;, propertySourceLocations = &apos;{}&apos;, propertySourceProperties = &apos;{org.springframework.boot.test.context.SpringBootTestContextBootstrapper=true}&apos;, contextCustomizers = set[org.springframework.boot.test.context.SpringBootTestContextCustomizer@30b8a058, org.springframework.boot.test.context.filter.ExcludeFilterContextCustomizer@7c29daf3, org.springframework.boot.test.json.DuplicateJsonObjectContextCustomizerFactory$DuplicateJsonObjectContextCustomizer@6c49835d, org.springframework.boot.test.mock.mockito.MockitoContextCustomizer@0, org.springframework.boot.test.autoconfigure.properties.PropertyMappingContextCustomizer@0, org.springframework.boot.test.autoconfigure.web.servlet.WebDriverContextCustomizerFactory$Customizer@6acdbdf5], resourceBasePath = &apos;src/main/webapp&apos;, contextLoader = &apos;org.springframework.boot.test.context.SpringBootContextLoader&apos;, parent = [null]]], class annotated with @DirtiesContext [false] with mode [null].
08:02:23.886 [main] DEBUG org.springframework.test.annotation.ProfileValueUtils - Retrieved @ProfileValueSourceConfiguration [null] for test class [com.yxm.security.web.controller.UserControllerTest]
08:02:23.886 [main] DEBUG org.springframework.test.annotation.ProfileValueUtils - Retrieved ProfileValueSource type [class org.springframework.test.annotation.SystemProfileValueSource] for class [com.yxm.security.web.controller.UserControllerTest]
08:02:24.218 [main] DEBUG org.springframework.core.env.StandardEnvironment - Adding [systemProperties] PropertySource with lowest search precedence
08:02:24.219 [main] DEBUG org.springframework.core.env.StandardEnvironment - Adding [systemEnvironment] PropertySource with lowest search precedence
08:02:24.219 [main] DEBUG org.springframework.core.env.StandardEnvironment - Initialized StandardEnvironment with PropertySources [systemProperties,systemEnvironment]
08:02:24.222 [main] DEBUG org.springframework.core.env.MutablePropertySources - Adding [inline] PropertySource with highest search precedence
08:02:24.239 [main] DEBUG org.springframework.test.context.support.TestPropertySourceUtils - Adding inlined properties to environment: {spring.jmx.enabled=false, org.springframework.boot.test.context.SpringBootTestContextBootstrapper=true, server.port=-1}
08:02:24.240 [main] DEBUG org.springframework.core.env.StandardEnvironment - Adding [Inlined Test Properties] PropertySource with highest search precedence
2020-02-20 08:02:26.796  INFO 18960 --- [           main] s.c.a.AnnotationConfigApplicationContext : Refreshing org.springframework.context.annotation.AnnotationConfigApplicationContext@534a5a98: startup date [Thu Feb 20 08:02:26 CST 2020]; root of context hierarchy
2020-02-20 08:02:27.424  INFO 18960 --- [           main] f.a.AutowiredAnnotationBeanPostProcessor : JSR-330 &apos;javax.inject.Inject&apos; annotation found and supported for autowiring
2020-02-20 08:02:27.503  INFO 18960 --- [           main] trationDelegate$BeanPostProcessorChecker : Bean &apos;configurationPropertiesRebinderAutoConfiguration&apos; of type [org.springframework.cloud.autoconfigure.ConfigurationPropertiesRebinderAutoConfiguration$$EnhancerBySpringCGLIB$$18442f61] is not eligible for getting processed by all BeanPostProcessors (for example: not eligible for auto-proxying)

  .   ____          _            __ _ _
 /\\ / ___&apos;_ __ _ _(_)_ __  __ _ \ \ \ \
( ( )\___ | &apos;_ | &apos;_| | &apos;_ \/ _` | \ \ \ \
 \\/  ___)| |_)| | | | | || (_| |  ) ) ) )
  &apos;  |____| .__|_| |_|_| |_\__, | / / / /
 =========|_|==============|___/=/_/_/_/
 :: Spring Boot ::        (v1.5.6.RELEASE)

2020-02-20 08:02:29.283  INFO 18960 --- [           main] c.y.s.web.controller.UserControllerTest  : No active profile set, falling back to default profiles: default
2020-02-20 08:02:29.292  INFO 18960 --- [           main] o.s.w.c.s.GenericWebApplicationContext   : Refreshing org.springframework.web.context.support.GenericWebApplicationContext@5ef0d29e: startup date [Thu Feb 20 08:02:29 CST 2020]; parent: org.springframework.context.annotation.AnnotationConfigApplicationContext@534a5a98
2020-02-20 08:02:31.431  INFO 18960 --- [           main] o.s.cloud.context.scope.GenericScope     : BeanFactory id=07fb2408-267f-33d0-8b4d-71e7221b4584
2020-02-20 08:02:31.529  INFO 18960 --- [           main] f.a.AutowiredAnnotationBeanPostProcessor : JSR-330 &apos;javax.inject.Inject&apos; annotation found and supported for autowiring
2020-02-20 08:02:31.700  INFO 18960 --- [           main] trationDelegate$BeanPostProcessorChecker : Bean &apos;org.springframework.cloud.autoconfigure.ConfigurationPropertiesRebinderAutoConfiguration&apos; of type [org.springframework.cloud.autoconfigure.ConfigurationPropertiesRebinderAutoConfiguration$$EnhancerBySpringCGLIB$$18442f61] is not eligible for getting processed by all BeanPostProcessors (for example: not eligible for auto-proxying)
2020-02-20 08:02:31.715  INFO 18960 --- [           main] trationDelegate$BeanPostProcessorChecker : Bean &apos;org.springframework.transaction.annotation.ProxyTransactionManagementConfiguration&apos; of type [org.springframework.transaction.annotation.ProxyTransactionManagementConfiguration$$EnhancerBySpringCGLIB$$fc2a2c64] is not eligible for getting processed by all BeanPostProcessors (for example: not eligible for auto-proxying)
2020-02-20 08:02:33.707  INFO 18960 --- [           main] s.w.s.m.m.a.RequestMappingHandlerAdapter : Looking for @ControllerAdvice: org.springframework.web.context.support.GenericWebApplicationContext@5ef0d29e: startup date [Thu Feb 20 08:02:29 CST 2020]; parent: org.springframework.context.annotation.AnnotationConfigApplicationContext@534a5a98
2020-02-20 08:02:33.874  INFO 18960 --- [           main] s.w.s.m.m.a.RequestMappingHandlerMapping : Mapped &quot;{[/hello]}&quot; onto public java.lang.String com.yxm.security.DemoApplication.hello()
2020-02-20 08:02:33.876  INFO 18960 --- [           main] s.w.s.m.m.a.RequestMappingHandlerMapping : Mapped &quot;{[/user],methods=[GET]}&quot; onto public java.util.List&lt;com.yxm.security.dto.User&gt; com.yxm.security.web.controller.UserController.user(java.lang.String)
2020-02-20 08:02:33.880  INFO 18960 --- [           main] s.w.s.m.m.a.RequestMappingHandlerMapping : Mapped &quot;{[/error]}&quot; onto public org.springframework.http.ResponseEntity&lt;java.util.Map&lt;java.lang.String, java.lang.Object&gt;&gt; org.springframework.boot.autoconfigure.web.BasicErrorController.error(javax.servlet.http.HttpServletRequest)
2020-02-20 08:02:33.880  INFO 18960 --- [           main] s.w.s.m.m.a.RequestMappingHandlerMapping : Mapped &quot;{[/error],produces=[text/html]}&quot; onto public org.springframework.web.servlet.ModelAndView org.springframework.boot.autoconfigure.web.BasicErrorController.errorHtml(javax.servlet.http.HttpServletRequest,javax.servlet.http.HttpServletResponse)
2020-02-20 08:02:33.962  INFO 18960 --- [           main] o.s.w.s.handler.SimpleUrlHandlerMapping  : Mapped URL path [/webjars/**] onto handler of type [class org.springframework.web.servlet.resource.ResourceHttpRequestHandler]
2020-02-20 08:02:33.963  INFO 18960 --- [           main] o.s.w.s.handler.SimpleUrlHandlerMapping  : Mapped URL path [/**] onto handler of type [class org.springframework.web.servlet.resource.ResourceHttpRequestHandler]
2020-02-20 08:02:34.038  INFO 18960 --- [           main] o.s.w.s.handler.SimpleUrlHandlerMapping  : Mapped URL path [/**/favicon.ico] onto handler of type [class org.springframework.web.servlet.resource.ResourceHttpRequestHandler]
2020-02-20 08:02:34.702  INFO 18960 --- [           main] b.a.s.AuthenticationManagerConfiguration : 

Using default security password: 07ee7594-ffd5-49c2-8f7a-e6af549d5e16

2020-02-20 08:02:34.853  INFO 18960 --- [           main] o.s.s.web.DefaultSecurityFilterChain     : Creating filter chain: OrRequestMatcher [requestMatchers=[Ant [pattern=&apos;/css/**&apos;], Ant [pattern=&apos;/js/**&apos;], Ant [pattern=&apos;/images/**&apos;], Ant [pattern=&apos;/webjars/**&apos;], Ant [pattern=&apos;/**/favicon.ico&apos;], Ant [pattern=&apos;/error&apos;]]], []
2020-02-20 08:02:36.163  INFO 18960 --- [           main] o.s.b.a.e.mvc.EndpointHandlerMapping     : Mapped &quot;{[/env],methods=[POST]}&quot; onto public java.lang.Object org.springframework.cloud.context.environment.EnvironmentManagerMvcEndpoint.value(java.util.Map&lt;java.lang.String, java.lang.String&gt;)
2020-02-20 08:02:36.163  INFO 18960 --- [           main] o.s.b.a.e.mvc.EndpointHandlerMapping     : Mapped &quot;{[/env/reset],methods=[POST]}&quot; onto public java.util.Map&lt;java.lang.String, java.lang.Object&gt; org.springframework.cloud.context.environment.EnvironmentManagerMvcEndpoint.reset()
2020-02-20 08:02:36.165  INFO 18960 --- [           main] o.s.b.a.e.mvc.EndpointHandlerMapping     : Mapped &quot;{[/pause || /pause.json],methods=[POST]}&quot; onto public java.lang.Object org.springframework.cloud.endpoint.GenericPostableMvcEndpoint.invoke()
2020-02-20 08:02:36.167  INFO 18960 --- [           main] o.s.b.a.e.mvc.EndpointHandlerMapping     : Mapped &quot;{[/mappings || /mappings.json],methods=[GET],produces=[application/vnd.spring-boot.actuator.v1+json || application/json]}&quot; onto public java.lang.Object org.springframework.boot.actuate.endpoint.mvc.EndpointMvcAdapter.invoke()
2020-02-20 08:02:36.170  INFO 18960 --- [           main] o.s.b.a.e.mvc.EndpointHandlerMapping     : Mapped &quot;{[/metrics/{name:.*}],methods=[GET],produces=[application/vnd.spring-boot.actuator.v1+json || application/json]}&quot; onto public java.lang.Object org.springframework.boot.actuate.endpoint.mvc.MetricsMvcEndpoint.value(java.lang.String)
2020-02-20 08:02:36.170  INFO 18960 --- [           main] o.s.b.a.e.mvc.EndpointHandlerMapping     : Mapped &quot;{[/metrics || /metrics.json],methods=[GET],produces=[application/vnd.spring-boot.actuator.v1+json || application/json]}&quot; onto public java.lang.Object org.springframework.boot.actuate.endpoint.mvc.EndpointMvcAdapter.invoke()
2020-02-20 08:02:36.172  INFO 18960 --- [           main] o.s.b.a.e.mvc.EndpointHandlerMapping     : Mapped &quot;{[/autoconfig || /autoconfig.json],methods=[GET],produces=[application/vnd.spring-boot.actuator.v1+json || application/json]}&quot; onto public java.lang.Object org.springframework.boot.actuate.endpoint.mvc.EndpointMvcAdapter.invoke()
2020-02-20 08:02:36.173  INFO 18960 --- [           main] o.s.b.a.e.mvc.EndpointHandlerMapping     : Mapped &quot;{[/features || /features.json],methods=[GET],produces=[application/vnd.spring-boot.actuator.v1+json || application/json]}&quot; onto public java.lang.Object org.springframework.boot.actuate.endpoint.mvc.EndpointMvcAdapter.invoke()
2020-02-20 08:02:36.174  INFO 18960 --- [           main] o.s.b.a.e.mvc.EndpointHandlerMapping     : Mapped &quot;{[/dump || /dump.json],methods=[GET],produces=[application/vnd.spring-boot.actuator.v1+json || application/json]}&quot; onto public java.lang.Object org.springframework.boot.actuate.endpoint.mvc.EndpointMvcAdapter.invoke()
2020-02-20 08:02:36.176  INFO 18960 --- [           main] o.s.b.a.e.mvc.EndpointHandlerMapping     : Mapped &quot;{[/beans || /beans.json],methods=[GET],produces=[application/vnd.spring-boot.actuator.v1+json || application/json]}&quot; onto public java.lang.Object org.springframework.boot.actuate.endpoint.mvc.EndpointMvcAdapter.invoke()
2020-02-20 08:02:36.178  INFO 18960 --- [           main] o.s.b.a.e.mvc.EndpointHandlerMapping     : Mapped &quot;{[/refresh || /refresh.json],methods=[POST]}&quot; onto public java.lang.Object org.springframework.cloud.endpoint.GenericPostableMvcEndpoint.invoke()
2020-02-20 08:02:36.184  INFO 18960 --- [           main] o.s.b.a.e.mvc.EndpointHandlerMapping     : Mapped &quot;{[/configprops || /configprops.json],methods=[GET],produces=[application/vnd.spring-boot.actuator.v1+json || application/json]}&quot; onto public java.lang.Object org.springframework.boot.actuate.endpoint.mvc.EndpointMvcAdapter.invoke()
2020-02-20 08:02:36.189  INFO 18960 --- [           main] o.s.b.a.e.mvc.EndpointHandlerMapping     : Mapped &quot;{[/loggers/{name:.*}],methods=[GET],produces=[application/vnd.spring-boot.actuator.v1+json || application/json]}&quot; onto public java.lang.Object org.springframework.boot.actuate.endpoint.mvc.LoggersMvcEndpoint.get(java.lang.String)
2020-02-20 08:02:36.190  INFO 18960 --- [           main] o.s.b.a.e.mvc.EndpointHandlerMapping     : Mapped &quot;{[/loggers/{name:.*}],methods=[POST],consumes=[application/vnd.spring-boot.actuator.v1+json || application/json],produces=[application/vnd.spring-boot.actuator.v1+json || application/json]}&quot; onto public java.lang.Object org.springframework.boot.actuate.endpoint.mvc.LoggersMvcEndpoint.set(java.lang.String,java.util.Map&lt;java.lang.String, java.lang.String&gt;)
2020-02-20 08:02:36.190  INFO 18960 --- [           main] o.s.b.a.e.mvc.EndpointHandlerMapping     : Mapped &quot;{[/loggers || /loggers.json],methods=[GET],produces=[application/vnd.spring-boot.actuator.v1+json || application/json]}&quot; onto public java.lang.Object org.springframework.boot.actuate.endpoint.mvc.EndpointMvcAdapter.invoke()
2020-02-20 08:02:36.192  INFO 18960 --- [           main] o.s.b.a.e.mvc.EndpointHandlerMapping     : Mapped &quot;{[/env/{name:.*}],methods=[GET],produces=[application/vnd.spring-boot.actuator.v1+json || application/json]}&quot; onto public java.lang.Object org.springframework.boot.actuate.endpoint.mvc.EnvironmentMvcEndpoint.value(java.lang.String)
2020-02-20 08:02:36.193  INFO 18960 --- [           main] o.s.b.a.e.mvc.EndpointHandlerMapping     : Mapped &quot;{[/env || /env.json],methods=[GET],produces=[application/vnd.spring-boot.actuator.v1+json || application/json]}&quot; onto public java.lang.Object org.springframework.boot.actuate.endpoint.mvc.EndpointMvcAdapter.invoke()
2020-02-20 08:02:36.193  INFO 18960 --- [           main] o.s.b.a.e.mvc.EndpointHandlerMapping     : Mapped &quot;{[/info || /info.json],methods=[GET],produces=[application/vnd.spring-boot.actuator.v1+json || application/json]}&quot; onto public java.lang.Object org.springframework.boot.actuate.endpoint.mvc.EndpointMvcAdapter.invoke()
2020-02-20 08:02:36.194  INFO 18960 --- [           main] o.s.b.a.e.mvc.EndpointHandlerMapping     : Mapped &quot;{[/resume || /resume.json],methods=[POST]}&quot; onto public java.lang.Object org.springframework.cloud.endpoint.GenericPostableMvcEndpoint.invoke()
2020-02-20 08:02:36.196  INFO 18960 --- [           main] o.s.b.a.e.mvc.EndpointHandlerMapping     : Mapped &quot;{[/auditevents || /auditevents.json],methods=[GET],produces=[application/vnd.spring-boot.actuator.v1+json || application/json]}&quot; onto public org.springframework.http.ResponseEntity&lt;?&gt; org.springframework.boot.actuate.endpoint.mvc.AuditEventsMvcEndpoint.findByPrincipalAndAfterAndType(java.lang.String,java.util.Date,java.lang.String)
2020-02-20 08:02:36.201  INFO 18960 --- [           main] o.s.b.a.e.mvc.EndpointHandlerMapping     : Mapped &quot;{[/heapdump || /heapdump.json],methods=[GET],produces=[application/octet-stream]}&quot; onto public void org.springframework.boot.actuate.endpoint.mvc.HeapdumpMvcEndpoint.invoke(boolean,javax.servlet.http.HttpServletRequest,javax.servlet.http.HttpServletResponse) throws java.io.IOException,javax.servlet.ServletException
2020-02-20 08:02:36.203  INFO 18960 --- [           main] o.s.b.a.e.mvc.EndpointHandlerMapping     : Mapped &quot;{[/health || /health.json],methods=[GET],produces=[application/vnd.spring-boot.actuator.v1+json || application/json]}&quot; onto public java.lang.Object org.springframework.boot.actuate.endpoint.mvc.HealthMvcEndpoint.invoke(javax.servlet.http.HttpServletRequest,java.security.Principal)
2020-02-20 08:02:36.204  INFO 18960 --- [           main] o.s.b.a.e.mvc.EndpointHandlerMapping     : Mapped &quot;{[/trace || /trace.json],methods=[GET],produces=[application/vnd.spring-boot.actuator.v1+json || application/json]}&quot; onto public java.lang.Object org.springframework.boot.actuate.endpoint.mvc.EndpointMvcAdapter.invoke()
2020-02-20 08:02:36.206  INFO 18960 --- [           main] o.s.b.a.e.mvc.EndpointHandlerMapping     : Mapped &quot;{[/restart || /restart.json],methods=[POST]}&quot; onto public java.lang.Object org.springframework.cloud.context.restart.RestartMvcEndpoint.invoke()
2020-02-20 08:02:36.210  INFO 18960 --- [           main] o.s.s.web.DefaultSecurityFilterChain     : Creating filter chain: org.springframework.boot.actuate.autoconfigure.ManagementWebSecurityAutoConfiguration$LazyEndpointPathRequestMatcher@15639d09, [org.springframework.security.web.context.request.async.WebAsyncManagerIntegrationFilter@4fba8eec, org.springframework.security.web.context.SecurityContextPersistenceFilter@1697f2b3, org.springframework.security.web.header.HeaderWriterFilter@221a2068, org.springframework.web.filter.CorsFilter@52bd9a27, org.springframework.security.web.authentication.logout.LogoutFilter@101a461c, org.springframework.security.web.authentication.www.BasicAuthenticationFilter@3664f108, org.springframework.security.web.savedrequest.RequestCacheAwareFilter@3134153d, org.springframework.security.web.servletapi.SecurityContextHolderAwareRequestFilter@659feb22, org.springframework.security.web.authentication.AnonymousAuthenticationFilter@611e5819, org.springframework.security.web.session.SessionManagementFilter@1192b58e, org.springframework.security.web.access.ExceptionTranslationFilter@3b1dc579, org.springframework.security.web.access.intercept.FilterSecurityInterceptor@6f6c6077]
2020-02-20 08:02:36.237  INFO 18960 --- [           main] o.s.s.web.DefaultSecurityFilterChain     : Creating filter chain: org.springframework.boot.autoconfigure.security.SpringBootWebSecurityConfiguration$ApplicationNoWebSecurityConfigurerAdapter$1@4c07d1fc, [org.springframework.security.web.context.request.async.WebAsyncManagerIntegrationFilter@2eada095, org.springframework.security.web.context.SecurityContextPersistenceFilter@4a89ef44, org.springframework.security.web.header.HeaderWriterFilter@415d88de, org.springframework.security.web.csrf.CsrfFilter@188a5fc2, org.springframework.security.web.authentication.logout.LogoutFilter@4971f459, org.springframework.security.web.savedrequest.RequestCacheAwareFilter@310a7859, org.springframework.security.web.servletapi.SecurityContextHolderAwareRequestFilter@1cbc1dde, org.springframework.security.web.authentication.AnonymousAuthenticationFilter@52831a73, org.springframework.security.web.session.SessionManagementFilter@a0bf272, org.springframework.security.web.access.ExceptionTranslationFilter@124d26ba]
2020-02-20 08:02:38.255  INFO 18960 --- [           main] c.y.s.web.controller.UserControllerTest  : Started UserControllerTest in 13.966 seconds (JVM running for 17.048)
2020-02-20 08:02:38.372  INFO 18960 --- [           main] o.s.b.t.m.w.SpringBootMockServletContext : Initializing Spring FrameworkServlet &apos;&apos;
2020-02-20 08:02:38.373  INFO 18960 --- [           main] o.s.t.web.servlet.TestDispatcherServlet  : FrameworkServlet &apos;&apos;: initialization started
2020-02-20 08:02:38.401  INFO 18960 --- [           main] o.s.t.web.servlet.TestDispatcherServlet  : FrameworkServlet &apos;&apos;: initialization completed in 28 ms
</system-out>
  </testcase>
</testsuite>