<?xml version="1.0" encoding="UTF-8" ?>
<testsuite tests="7" failures="0" name="com.yxm.security.web.controller.UserControllerTest" time="2.353" errors="0" skipped="0">
  <properties>
[...]
</properties>
  <testcase classname="com.yxm.security.web.controller.UserControllerTest" name="whenDetailInfoFail" time="0.475"/>
  <testcase classname="com.yxm.security.web.controller.UserControllerTest" name="whenUploadSuccess" time="0.334"/>
  <testcase classname="com.yxm.security.web.controller.UserControllerTest" name="whenDetailInfoSuccess" time="0.673"/>
  <testcase classname="com.yxm.security.web.controller.UserControllerTest" name="whenQuerySuccess" time="0.148"/>
  <testcase classname="com.yxm.security.web.controller.UserControllerTest" name="whenCreateSuccess" time="0.015"/>
  <testcase classname="com.yxm.security.web.controller.UserControllerTest" name="whenUpdateSuccess" time="0.626"/>
  <testcase classname="com.yxm.security.web.controller.UserControllerTest" name="whenDeleteSuccess" time="0.082"/>
</testsuite>